<?xml version="1.0" encoding="UTF-8" ?>
<testsuite tests="13" failures="0" name="automation.runner.SavingsAccTest" time="55.487" errors="0" skipped="0">
  <properties>
[...]
</properties>
  <testcase classname="Create new Savings Bank account nd process payment from user&apos;s preferred account" name="User is able to Interact with savings tab #1" time="4.665"/>
  <testcase classname="Create new Savings Bank account nd process payment from user&apos;s preferred account" name="User is able to Interact with savings tab #2" time="4.272"/>
  <testcase classname="Create new Savings Bank account nd process payment from user&apos;s preferred account" name="Verify User can create New Savings account #1" time="4.371"/>
  <testcase classname="Create new Savings Bank account nd process payment from user&apos;s preferred account" name="Verify User can create New Savings account #2" time="4.245"/>
  <testcase classname="Create new Savings Bank account nd process payment from user&apos;s preferred account" name="Select Account Ownership categories verification #1" time="4.23"/>
  <testcase classname="Create new Savings Bank account nd process payment from user&apos;s preferred account" name="Select Account Ownership categories verification #2" time="4.222"/>
  <testcase classname="Create new Savings Bank account nd process payment from user&apos;s preferred account" name="Account Name element Verification" time="4.233"/>
  <testcase classname="Create new Savings Bank account nd process payment from user&apos;s preferred account" name="Initial Deposit Amount element verification #1" time="4.053"/>
  <testcase classname="Create new Savings Bank account nd process payment from user&apos;s preferred account" name="Initial Deposit Amount element verification #2" time="4.135"/>
  <testcase classname="Create new Savings Bank account nd process payment from user&apos;s preferred account" name="Initial Deposit Amount element verification #3" time="4.116"/>
  <testcase classname="Create new Savings Bank account nd process payment from user&apos;s preferred account" name="Initial Deposit Amount element verification #4" time="4.054"/>
  <testcase classname="Create new Savings Bank account nd process payment from user&apos;s preferred account" name="Initial Deposit Amount element verification #5" time="4.072"/>
  <testcase classname="Create new Savings Bank account nd process payment from user&apos;s preferred account" name="Create New Savings Account End to End Verification" time="4.819"/>
</testsuite>