<?xml version="1.0" encoding="UTF-8" ?>
<testsuite tests="3" failures="0" name="automation.runner.AssignmentTest" time="17.105" errors="0" skipped="0">
  <properties>
[...]
</properties>
  <testcase classname="This Feature is to test the cart functionality of the app" name="Verify user is able to see there product on the cart" time="5.406"/>
  <testcase classname="This Feature is is to test that user is able to add item in cart and also able to remove item from there cart successfully" name="Verify user is able to add and remove item from there cart and application behave as expected." time="6.392"/>
  <testcase classname="This feature is to test that user is able to login add item to cart, logout and login again to continue the order." name="Verify user is able to continue the order after logout" time="5.307"/>
</testsuite>